<?xml version="1.0" encoding="UTF-8"?>
<testsuite name="StringCalculatorTest" tests="3" skipped="0" failures="0" errors="0" timestamp="2017-10-15T13:52:18" hostname="LAPTOP-BA233DC6" time="0.004">
  <properties/>
  <testcase name="testNeg" classname="StringCalculatorTest" time="0.003"/>
  <testcase name="tooBig" classname="StringCalculatorTest" time="0.0"/>
  <testcase name="testSum" classname="StringCalculatorTest" time="0.0"/>
  <system-out><![CDATA[]]></system-out>
  <system-err><![CDATA[]]></system-err>
</testsuite>
